<?xml version="1.0" encoding="UTF-8"?>
<testng-results ignored="0" total="2" passed="2" failed="0" skipped="0">
  <reporter-output>
  </reporter-output>
  <suite started-at="2025-04-24T11:57:44 IST" name="Default suite" finished-at="2025-04-24T11:57:57 IST" duration-ms="12819">
    <groups>
      <group name="cucumber">
        <method signature="AbstractTestNGCucumberTests.runScenario(io.cucumber.testng.PickleWrapper,io.cucumber.testng.FeatureWrapper)[pri:0, instance:com.hrm.Runner.Runner@25aca718]" name="runScenario" class="io.cucumber.testng.AbstractTestNGCucumberTests"/>
      </group> <!-- cucumber -->
    </groups>
    <test started-at="2025-04-24T11:57:44 IST" name="Default test" finished-at="2025-04-24T11:57:57 IST" duration-ms="12819">
      <class name="com.hrm.Runner.Runner">
        <test-method is-config="true" signature="setUpClass(org.testng.ITestContext)[pri:0, instance:com.hrm.Runner.Runner@25aca718]" started-at="2025-04-24T11:57:44 IST" name="setUpClass" finished-at="2025-04-24T11:57:44 IST" duration-ms="172" status="PASS">
          <params>
            <param index="0">
              <value>
                <![CDATA[org.testng.TestRunner@5b9396d3]]>
              </value>
            </param>
          </params>
          <reporter-output>
          </reporter-output>
        </test-method> <!-- setUpClass -->
        <test-method signature="runScenario(io.cucumber.testng.PickleWrapper,io.cucumber.testng.FeatureWrapper)[pri:0, instance:com.hrm.Runner.Runner@25aca718]" started-at="2025-04-24T11:57:44 IST" name="runScenario" description="Runs Cucumber Scenarios" data-provider="scenarios" finished-at="2025-04-24T11:57:50 IST" duration-ms="5779" status="PASS">
          <params>
            <param index="0">
              <value>
                <![CDATA["Verify that the login URL loads properly"]]>
              </value>
            </param>
            <param index="1">
              <value>
                <![CDATA["Login functionality"]]>
              </value>
            </param>
          </params>
          <reporter-output>
          </reporter-output>
        </test-method> <!-- runScenario -->
        <test-method signature="runScenario(io.cucumber.testng.PickleWrapper,io.cucumber.testng.FeatureWrapper)[pri:0, instance:com.hrm.Runner.Runner@25aca718]" started-at="2025-04-24T11:57:50 IST" name="runScenario" description="Runs Cucumber Scenarios" data-provider="scenarios" finished-at="2025-04-24T11:57:57 IST" duration-ms="6812" status="PASS">
          <params>
            <param index="0">
              <value>
                <![CDATA["Verify user can successfully log in with valid credentials"]]>
              </value>
            </param>
            <param index="1">
              <value>
                <![CDATA["Login functionality"]]>
              </value>
            </param>
          </params>
          <reporter-output>
          </reporter-output>
        </test-method> <!-- runScenario -->
        <test-method is-config="true" signature="tearDownClass()[pri:0, instance:com.hrm.Runner.Runner@25aca718]" started-at="2025-04-24T11:57:57 IST" name="tearDownClass" finished-at="2025-04-24T11:57:57 IST" duration-ms="11" status="PASS">
          <reporter-output>
          </reporter-output>
        </test-method> <!-- tearDownClass -->
      </class> <!-- com.hrm.Runner.Runner -->
    </test> <!-- Default test -->
  </suite> <!-- Default suite -->
</testng-results>
